mode: count
akasia/Repository/Product/model.go:21.40,23.2 1 14
akasia/Repository/Product/product.go:11.95,13.146 2 2
akasia/Repository/Product/product.go:17.2,17.8 1 1
akasia/Repository/Product/product.go:13.146,15.3 1 1
akasia/Repository/Product/product.go:20.103,24.2 3 2
akasia/Repository/Product/product.go:26.97,30.2 3 2
akasia/Repository/Product/product.go:32.95,34.158 2 2
akasia/Repository/Product/product.go:37.2,37.8 1 1
akasia/Repository/Product/product.go:34.158,36.3 1 1
akasia/Repository/Product/product.go:40.77,42.93 2 2
akasia/Repository/Product/product.go:46.2,46.8 1 1
akasia/Repository/Product/product.go:42.93,44.3 1 1
akasia/Repository/Product/product.go:49.107,56.23 3 2
akasia/Repository/Product/product.go:60.2,60.24 1 2
akasia/Repository/Product/product.go:64.2,65.16 2 2
akasia/Repository/Product/product.go:69.2,70.18 2 2
akasia/Repository/Product/product.go:78.2,78.8 1 2
akasia/Repository/Product/product.go:56.23,58.3 1 1
akasia/Repository/Product/product.go:60.24,62.3 1 1
akasia/Repository/Product/product.go:65.16,67.3 1 0
akasia/Repository/Product/product.go:70.18,71.103 1 2
akasia/Repository/Product/product.go:75.3,75.26 1 2
akasia/Repository/Product/product.go:71.103,73.4 1 0
akasia/Repository/Product/product.go:81.105,84.56 2 2
akasia/Repository/Product/product.go:87.2,87.8 1 2
akasia/Repository/Product/product.go:84.56,86.3 1 0
